<?xml version="1.0" encoding="UTF-8"?>
<testng-results ignored="0" total="2" passed="2" failed="0" skipped="0">
  <reporter-output>
  </reporter-output>
  <suite started-at="2025-01-03T16:29:36 GMT-06:00" name="Master Suite" finished-at="2025-01-03T16:29:59 GMT-06:00" duration-ms="22419">
    <groups>
      <group name="Sanity">
        <method signature="TC002_LoginTest.login()[pri:0, instance:testCases.TC002_LoginTest@6aba2b86]" name="login" class="testCases.TC002_LoginTest"/>
      </group> <!-- Sanity -->
      <group name="Regression">
        <method signature="TC001_AccountRegistrationTest.verify_account_infor()[pri:0, instance:testCases.TC001_AccountRegistrationTest@5e0826e7]" name="verify_account_infor" class="testCases.TC001_AccountRegistrationTest"/>
      </group> <!-- Regression -->
      <group name="master">
        <method signature="TC001_AccountRegistrationTest.verify_account_infor()[pri:0, instance:testCases.TC001_AccountRegistrationTest@5e0826e7]" name="verify_account_infor" class="testCases.TC001_AccountRegistrationTest"/>
        <method signature="TC002_LoginTest.login()[pri:0, instance:testCases.TC002_LoginTest@6aba2b86]" name="login" class="testCases.TC002_LoginTest"/>
      </group> <!-- master -->
    </groups>
    <test started-at="2025-01-03T16:29:36 GMT-06:00" name="Test" finished-at="2025-01-03T16:29:59 GMT-06:00" duration-ms="22419">
      <class name="testCases.TC002_LoginTest">
        <test-method is-config="true" signature="setup(java.lang.String,java.lang.String)[pri:0, instance:testCases.TC002_LoginTest@6aba2b86]" started-at="2025-01-03T16:29:49 GMT-06:00" name="setup" finished-at="2025-01-03T16:29:56 GMT-06:00" duration-ms="7294" status="PASS">
          <params>
            <param index="0">
              <value>
                <![CDATA[Windows]]>
              </value>
            </param>
            <param index="1">
              <value>
                <![CDATA[chrome]]>
              </value>
            </param>
          </params>
          <reporter-output>
          </reporter-output>
        </test-method> <!-- setup -->
        <test-method signature="login()[pri:0, instance:testCases.TC002_LoginTest@6aba2b86]" started-at="2025-01-03T16:29:56 GMT-06:00" name="login" finished-at="2025-01-03T16:29:58 GMT-06:00" duration-ms="2427" status="PASS">
          <reporter-output>
          </reporter-output>
        </test-method> <!-- login -->
        <test-method is-config="true" signature="teardown()[pri:0, instance:testCases.TC002_LoginTest@6aba2b86]" started-at="2025-01-03T16:29:58 GMT-06:00" name="teardown" finished-at="2025-01-03T16:29:59 GMT-06:00" duration-ms="132" status="PASS">
          <reporter-output>
          </reporter-output>
        </test-method> <!-- teardown -->
      </class> <!-- testCases.TC002_LoginTest -->
      <class name="testCases.TC001_AccountRegistrationTest">
        <test-method is-config="true" signature="setup(java.lang.String,java.lang.String)[pri:0, instance:testCases.TC001_AccountRegistrationTest@5e0826e7]" started-at="2025-01-03T16:29:37 GMT-06:00" name="setup" finished-at="2025-01-03T16:29:45 GMT-06:00" duration-ms="8605" status="PASS">
          <params>
            <param index="0">
              <value>
                <![CDATA[Windows]]>
              </value>
            </param>
            <param index="1">
              <value>
                <![CDATA[chrome]]>
              </value>
            </param>
          </params>
          <reporter-output>
          </reporter-output>
        </test-method> <!-- setup -->
        <test-method signature="verify_account_infor()[pri:0, instance:testCases.TC001_AccountRegistrationTest@5e0826e7]" started-at="2025-01-03T16:29:45 GMT-06:00" name="verify_account_infor" finished-at="2025-01-03T16:29:48 GMT-06:00" duration-ms="3002" status="PASS">
          <reporter-output>
          </reporter-output>
        </test-method> <!-- verify_account_infor -->
        <test-method is-config="true" signature="teardown()[pri:0, instance:testCases.TC001_AccountRegistrationTest@5e0826e7]" started-at="2025-01-03T16:29:48 GMT-06:00" name="teardown" finished-at="2025-01-03T16:29:49 GMT-06:00" duration-ms="275" status="PASS">
          <reporter-output>
          </reporter-output>
        </test-method> <!-- teardown -->
      </class> <!-- testCases.TC001_AccountRegistrationTest -->
    </test> <!-- Test -->
  </suite> <!-- Master Suite -->
</testng-results>
